d:\dev\opengl\opengl_1\opengl_1\debug\vc142.pdb
d:\dev\opengl\opengl_1\opengl_1\debug\vc142.idb
d:\dev\opengl\opengl_1\opengl_1\debug\implementation.obj
d:\dev\opengl\opengl_1\opengl_1\debug\application.obj
d:\dev\opengl\opengl_1\debug\opengl_1.pdb
d:\dev\opengl\opengl_1\opengl_1\debug\opengl_1.tlog\cl.command.1.tlog
d:\dev\opengl\opengl_1\opengl_1\debug\opengl_1.tlog\cl.read.1.tlog
d:\dev\opengl\opengl_1\opengl_1\debug\opengl_1.tlog\cl.write.1.tlog
d:\dev\opengl\opengl_1\opengl_1\debug\opengl_1.tlog\link-cvtres.read.1.tlog
d:\dev\opengl\opengl_1\opengl_1\debug\opengl_1.tlog\link-cvtres.write.1.tlog
d:\dev\opengl\opengl_1\opengl_1\debug\opengl_1.tlog\link-rc.read.1.tlog
d:\dev\opengl\opengl_1\opengl_1\debug\opengl_1.tlog\link-rc.write.1.tlog
d:\dev\opengl\opengl_1\opengl_1\debug\opengl_1.tlog\link.27064-cvtres.read.1.tlog
d:\dev\opengl\opengl_1\opengl_1\debug\opengl_1.tlog\link.27064-cvtres.write.1.tlog
d:\dev\opengl\opengl_1\opengl_1\debug\opengl_1.tlog\link.27064-rc.read.1.tlog
d:\dev\opengl\opengl_1\opengl_1\debug\opengl_1.tlog\link.27064-rc.write.1.tlog
d:\dev\opengl\opengl_1\opengl_1\debug\opengl_1.tlog\link.27064.read.1.tlog
d:\dev\opengl\opengl_1\opengl_1\debug\opengl_1.tlog\link.27064.write.1.tlog
d:\dev\opengl\opengl_1\opengl_1\debug\opengl_1.tlog\link.command.1.tlog
d:\dev\opengl\opengl_1\opengl_1\debug\opengl_1.tlog\link.read.1.tlog
d:\dev\opengl\opengl_1\opengl_1\debug\opengl_1.tlog\link.write.1.tlog
