  Application.cpp
D:\dev\OpenGL\OpenGL_1\OpenGL_1\src\lineProps.h(70,22): warning C4244: '=': conversion from 'double' to 'int', possible loss of data
D:\dev\OpenGL\OpenGL_1\OpenGL_1\src\Application.cpp(118,19): warning C4018: '>': signed/unsigned mismatch
D:\dev\OpenGL\OpenGL_1\OpenGL_1\src\Application.cpp(144,19): warning C4018: '>': signed/unsigned mismatch
D:\dev\OpenGL\OpenGL_1\OpenGL_1\src\Application.cpp(166,27): warning C4018: '<': signed/unsigned mismatch
D:\dev\OpenGL\OpenGL_1\OpenGL_1\src\Application.cpp(169,23): warning C4018: '<': signed/unsigned mismatch
D:\dev\OpenGL\OpenGL_1\OpenGL_1\src\Application.cpp(198,85): warning C4244: 'argument': conversion from 'float' to 'int', possible loss of data
D:\dev\OpenGL\OpenGL_1\OpenGL_1\src\Application.cpp(198,42): warning C4244: 'argument': conversion from 'float' to 'int', possible loss of data
D:\dev\OpenGL\OpenGL_1\OpenGL_1\src\Application.cpp(206,102): warning C4244: 'argument': conversion from 'float' to 'int', possible loss of data
D:\dev\OpenGL\OpenGL_1\OpenGL_1\src\Application.cpp(206,65): warning C4244: 'argument': conversion from 'float' to 'int', possible loss of data
D:\dev\OpenGL\OpenGL_1\OpenGL_1\src\Application.cpp(216,11): warning C4244: 'initializing': conversion from 'double' to 'int', possible loss of data
D:\dev\OpenGL\OpenGL_1\OpenGL_1\src\Application.cpp(217,11): warning C4244: 'initializing': conversion from 'double' to 'int', possible loss of data
D:\dev\OpenGL\OpenGL_1\OpenGL_1\src\Application.cpp(321,79): warning C4244: 'argument': conversion from '_Ty' to 'GLclampf', possible loss of data
          with
          [
              _Ty=GLdouble
          ]
D:\dev\OpenGL\OpenGL_1\OpenGL_1\src\Application.cpp(321,64): warning C4244: 'argument': conversion from '_Ty' to 'GLclampf', possible loss of data
          with
          [
              _Ty=GLdouble
          ]
D:\dev\OpenGL\OpenGL_1\OpenGL_1\src\Application.cpp(321,49): warning C4244: 'argument': conversion from '_Ty' to 'GLclampf', possible loss of data
          with
          [
              _Ty=GLdouble
          ]
D:\dev\OpenGL\OpenGL_1\OpenGL_1\src\Application.cpp(321,34): warning C4244: 'argument': conversion from '_Ty' to 'GLclampf', possible loss of data
          with
          [
              _Ty=GLdouble
          ]
D:\dev\OpenGL\OpenGL_1\OpenGL_1\src\Application.cpp(323,22): warning C4244: 'argument': conversion from 'int' to 'GLfloat', possible loss of data
D:\dev\OpenGL\OpenGL_1\OpenGL_1\src\Application.cpp(329,22): warning C4244: 'argument': conversion from 'int' to 'GLfloat', possible loss of data
D:\dev\OpenGL\OpenGL_1\OpenGL_1\src\Application.cpp(336,22): warning C4244: 'argument': conversion from 'int' to 'GLfloat', possible loss of data
  OpenGL_1.vcxproj -> D:\dev\OpenGL\OpenGL_1\Debug\OpenGL_1.exe
